<?xml version="1.0" encoding="UTF-8"?>
<!-- Generated by org.testng.reporters.JUnitReportReporter -->
<testsuite hostname="aswinn" failures="0" tests="6" name="testpkg.Testclass" time="41.034" errors="0" timestamp="2024-11-02T19:55:54 IST" skipped="0">
  <testcase classname="testpkg.Testclass" name="openurl" time="3.624"/>
  <system-out/>
  <testcase classname="testpkg.Testclass" name="TitleVerification" time="0.025"/>
  <system-out/>
  <testcase classname="testpkg.Testclass" name="TextVerification" time="0.069"/>
  <system-out/>
  <testcase classname="testpkg.Testclass" name="Verifylogin" time="32.260"/>
  <system-out/>
  <testcase classname="testpkg.Testclass" name="Screenshotmtd" time="0.291"/>
  <system-out/>
  <testcase classname="testpkg.Testclass" name="Addtocartmtd" time="4.765"/>
  <system-out/>
</testsuite> <!-- testpkg.Testclass -->
